<?xml version="1.0" encoding="UTF-8"?>
<!-- Generated by org.testng.reporters.JUnitReportReporter -->
<testsuite hostname="DESKTOP-R5545K" failures="0" tests="1" name="com.QA.Test.TC0001_LandigPageTest" time="7.141" errors="0" timestamp="2022-11-17T11:58:35 IST" skipped="0">
  <testcase classname="com.QA.Test.TC0001_LandigPageTest" name="LandingPage" time="7.141"/>
  <system-out/>
</testsuite> <!-- com.QA.Test.TC0001_LandigPageTest -->
