<?xml version="1.0" encoding="UTF-8"?>
<!-- Generated by org.testng.reporters.JUnitReportReporter -->
<testsuite hostname="DESKTOP-R5545K" failures="0" tests="3" name="com.QA.Test.TC001_LoginTest" time="51.589" errors="0" timestamp="2022-10-17T13:26:30 IST" skipped="0">
  <testcase classname="com.QA.Test.TC001_LoginTest" name="invalidUserName" time="20.069"/>
  <system-out/>
  <testcase classname="com.QA.Test.TC001_LoginTest" name="invalidPassword" time="17.268"/>
  <system-out/>
  <testcase classname="com.QA.Test.TC001_LoginTest" name="successfulLogin" time="14.252"/>
  <system-out/>
</testsuite> <!-- com.QA.Test.TC001_LoginTest -->
