<?xml version="1.0" encoding="UTF-8"?>
<!-- Generated by org.testng.reporters.JUnitReportReporter -->
<testsuite hostname="DESKTOP-R5545K" failures="0" tests="1" name="com.QA.Test.TC002_OpenAnAccountTest" time="22.114" errors="0" timestamp="2022-10-20T15:26:24 IST" skipped="0">
  <testcase classname="com.QA.Test.TC002_OpenAnAccountTest" name="OpenAnAccount" time="22.114"/>
  <system-out/>
</testsuite> <!-- com.QA.Test.TC002_OpenAnAccountTest -->
