<?xml version="1.0" encoding="UTF-8"?>
<!-- Generated by org.testng.reporters.JUnitReportReporter -->
<testsuite hostname="DESKTOP-ISCCBLH" failures="0" tests="5" name="com.QA.Test.LoginTest" time="94.706" errors="0" timestamp="2022-12-22T18:47:52 IST" skipped="0">
  <testcase classname="com.QA.Test.LoginTest" name="LoginToNextGen" time="32.288"/>
  <system-out/>
  <testcase classname="com.QA.Test.LoginTest" name="VerifyBackButton" time="16.383"/>
  <system-out/>
  <testcase classname="com.QA.Test.LoginTest" name="VerifyForgotPassword" time="16.099"/>
  <system-out/>
  <testcase classname="com.QA.Test.LoginTest" name="VerifyLoginUIScreen" time="12.693"/>
  <system-out/>
  <testcase classname="com.QA.Test.LoginTest" name="VerifyTheRegisterHyperlink" time="17.243"/>
  <system-out/>
</testsuite> <!-- com.QA.Test.LoginTest -->
