<?xml version="1.0" encoding="UTF-8"?>
<!-- Generated by org.testng.reporters.JUnitReportReporter -->
<testsuite hostname="DESKTOP-76T2GE2" failures="0" tests="1" name="com.QA.Test.TC002_CreatePostTest" time="38.984" errors="0" timestamp="2022-12-07T17:50:16 IST" skipped="0">
  <testcase classname="com.QA.Test.TC002_CreatePostTest" name="createPostPageTest" time="38.984"/>
  <system-out/>
</testsuite> <!-- com.QA.Test.TC002_CreatePostTest -->
