<?xml version="1.0" encoding="UTF-8"?>
<!-- Generated by org.testng.reporters.JUnitReportReporter -->
<testsuite hostname="DESKTOP-R5545K" failures="0" tests="1" name="com.QA.Test.TC001_AppLaunchTest" time="23.034" errors="0" timestamp="2022-10-18T16:26:18 IST" skipped="0">
  <testcase classname="com.QA.Test.TC001_AppLaunchTest" name="LaunchingApp" time="23.034"/>
  <system-out/>
</testsuite> <!-- com.QA.Test.TC001_AppLaunchTest -->
